2013-01-12 16:31:40,990 [http-bio-8080-exec-3] ERROR StackTrace  - Full Stack Trace:
groovy.lang.MissingPropertyException: No such property: listProjects for class: projecttracker.ListProjectsController
	at org.codehaus.groovy.grails.plugins.web.api.ControllerTagLibraryApi.propertyMissing(ControllerTagLibraryApi.java:113)
	at projecttracker.ListProjectsController$$ENuLTlS4.propertyMissing(ListProjectsController.groovy)
	at sun.reflect.NativeMethodAccessorImpl.invoke0(Native Method)
	at sun.reflect.NativeMethodAccessorImpl.invoke(NativeMethodAccessorImpl.java:39)
	at sun.reflect.DelegatingMethodAccessorImpl.invoke(DelegatingMethodAccessorImpl.java:25)
	at java.lang.reflect.Method.invoke(Method.java:597)
	at com.springsource.loaded.ri.ReloadedTypeInvoker$2.invoke(ReloadedTypeInvoker.java:107)
	at com.springsource.loaded.ri.ReflectiveInterceptor.jlrMethodInvoke(ReflectiveInterceptor.java:1260)
	at org.codehaus.groovy.reflection.CachedMethod.invoke(CachedMethod.java:90)
	at groovy.lang.MetaClassImpl.invokeMissingProperty(MetaClassImpl.java:769)
	at groovy.lang.MetaClassImpl.getProperty(MetaClassImpl.java:1613)
	at groovy.lang.ExpandoMetaClass.getProperty(ExpandoMetaClass.java:1140)
	at groovy.lang.MetaClassImpl.getProperty(MetaClassImpl.java:3332)
	at groovy.lang.ExpandoMetaClass.getProperty(ExpandoMetaClass.java:1152)
	at projecttracker.ListProjectsController$$ENuLTlS4.getProperty(ListProjectsController.groovy)
	at projecttracker.ListProjectsController$$DNuLTlS4.getProperty(Unknown Source)
	at projecttracker.ListProjectsController.getProperty(ListProjectsController.groovy)
	at org.codehaus.groovy.runtime.InvokerHelper.getProperty(InvokerHelper.java:156)
	at groovy.lang.Closure.getPropertyTryThese(Closure.java:325)
	at groovy.lang.Closure.getPropertyOwnerFirst(Closure.java:319)
	at groovy.lang.Closure.getProperty(Closure.java:308)
	at projecttracker.ListProjectsController$_closure2.getProperty(ListProjectsController.groovy)
	at org.codehaus.groovy.runtime.callsite.PogoGetPropertySite.getProperty(PogoGetPropertySite.java:47)
	at org.codehaus.groovy.runtime.callsite.AbstractCallSite.callGroovyObjectGetProperty(AbstractCallSite.java:231)
	at projecttracker.ListProjectsController$_closure2.doCall(ListProjectsController.groovy:10)
	at sun.reflect.NativeMethodAccessorImpl.invoke0(Native Method)
	at sun.reflect.NativeMethodAccessorImpl.invoke(NativeMethodAccessorImpl.java:39)
	at sun.reflect.DelegatingMethodAccessorImpl.invoke(DelegatingMethodAccessorImpl.java:25)
	at java.lang.reflect.Method.invoke(Method.java:597)
	at com.springsource.loaded.ri.OriginalClassInvoker.invoke(OriginalClassInvoker.java:34)
	at com.springsource.loaded.ri.ReflectiveInterceptor.jlrMethodInvoke(ReflectiveInterceptor.java:1260)
	at org.codehaus.groovy.runtime.callsite.PogoMetaMethodSite$PogoCachedMethodSite.invoke(PogoMetaMethodSite.java:231)
	at org.codehaus.groovy.runtime.callsite.PogoMetaMethodSite.callCurrent(PogoMetaMethodSite.java:52)
	at org.codehaus.groovy.runtime.callsite.CallSiteArray.defaultCallCurrent(CallSiteArray.java:46)
	at org.codehaus.groovy.runtime.callsite.AbstractCallSite.callCurrent(AbstractCallSite.java:133)
	at org.codehaus.groovy.runtime.callsite.AbstractCallSite.callCurrent(AbstractCallSite.java:141)
	at projecttracker.ListProjectsController$_closure2.doCall(ListProjectsController.groovy)
	at sun.reflect.NativeMethodAccessorImpl.invoke0(Native Method)
	at sun.reflect.NativeMethodAccessorImpl.invoke(NativeMethodAccessorImpl.java:39)
	at sun.reflect.DelegatingMethodAccessorImpl.invoke(DelegatingMethodAccessorImpl.java:25)
	at java.lang.reflect.Method.invoke(Method.java:597)
	at com.springsource.loaded.ri.OriginalClassInvoker.invoke(OriginalClassInvoker.java:34)
	at com.springsource.loaded.ri.ReflectiveInterceptor.jlrMethodInvoke(ReflectiveInterceptor.java:1260)
	at org.codehaus.groovy.reflection.CachedMethod.invoke(CachedMethod.java:90)
	at groovy.lang.MetaMethod.doMethodInvoke(MetaMethod.java:233)
	at groovy.lang.MetaClassImpl.invokeMethod(MetaClassImpl.java:1071)
	at groovy.lang.ExpandoMetaClass.invokeMethod(ExpandoMetaClass.java:1110)
	at groovy.lang.MetaClassImpl.invokeMethod(MetaClassImpl.java:901)
	at groovy.lang.Closure.call(Closure.java:415)
	at projecttracker.ListProjectsController$_closure2.call(ListProjectsController.groovy)
	at groovy.lang.Closure.call(Closure.java:409)
	at projecttracker.ListProjectsController$_closure2.call(ListProjectsController.groovy)
	at java_util_concurrent_Callable$call.call(Unknown Source)
	at org.codehaus.groovy.runtime.callsite.CallSiteArray.defaultCall(CallSiteArray.java:42)
	at org.codehaus.groovy.runtime.callsite.AbstractCallSite.call(AbstractCallSite.java:108)
	at org.codehaus.groovy.runtime.callsite.AbstractCallSite.call(AbstractCallSite.java:112)
	at projecttracker.ListProjectsController$$ENuLTlS4.current(ListProjectsController.groovy)
	at sun.reflect.NativeMethodAccessorImpl.invoke0(Native Method)
	at sun.reflect.NativeMethodAccessorImpl.invoke(NativeMethodAccessorImpl.java:39)
	at sun.reflect.DelegatingMethodAccessorImpl.invoke(DelegatingMethodAccessorImpl.java:25)
	at java.lang.reflect.Method.invoke(Method.java:597)
	at com.springsource.loaded.ri.ReloadedTypeInvoker$2.invoke(ReloadedTypeInvoker.java:107)
	at com.springsource.loaded.ri.ReflectiveInterceptor.jlrMethodInvoke(ReflectiveInterceptor.java:1260)
	at org.codehaus.groovy.grails.web.servlet.mvc.MixedGrailsControllerHelper.invoke(MixedGrailsControllerHelper.java:69)
	at grails.plugin.cache.web.ProxyAwareMixedGrailsControllerHelper.invoke(ProxyAwareMixedGrailsControllerHelper.java)
	at org.codehaus.groovy.grails.web.servlet.mvc.AbstractGrailsControllerHelper.handleAction(AbstractGrailsControllerHelper.java:331)
	at grails.plugin.cache.web.ProxyAwareMixedGrailsControllerHelper.handleAction(ProxyAwareMixedGrailsControllerHelper.java)
	at org.codehaus.groovy.grails.web.servlet.mvc.AbstractGrailsControllerHelper.executeAction(AbstractGrailsControllerHelper.java:212)
	at grails.plugin.cache.web.ProxyAwareMixedGrailsControllerHelper.executeAction(ProxyAwareMixedGrailsControllerHelper.java)
	at org.codehaus.groovy.grails.web.servlet.mvc.AbstractGrailsControllerHelper.handleURI(AbstractGrailsControllerHelper.java:178)
	at grails.plugin.cache.web.ProxyAwareMixedGrailsControllerHelper.handleURI(ProxyAwareMixedGrailsControllerHelper.java)
	at org.codehaus.groovy.grails.web.servlet.mvc.AbstractGrailsControllerHelper.handleURI(AbstractGrailsControllerHelper.java:117)
	at grails.plugin.cache.web.ProxyAwareMixedGrailsControllerHelper.handleURI(ProxyAwareMixedGrailsControllerHelper.java)
	at org.codehaus.groovy.grails.web.servlet.mvc.SimpleGrailsController.handleRequest(SimpleGrailsController.java:72)
	at org.springframework.web.servlet.mvc.SimpleControllerHandlerAdapter.handle(SimpleControllerHandlerAdapter.java:48)
	at org.codehaus.groovy.grails.web.servlet.GrailsDispatcherServlet.doDispatch(GrailsDispatcherServlet.java:323)
	at org.springframework.web.servlet.DispatcherServlet.doService(DispatcherServlet.java:852)
	at org.springframework.web.servlet.FrameworkServlet.processRequest(FrameworkServlet.java:882)
	at org.springframework.web.servlet.FrameworkServlet.doGet(FrameworkServlet.java:778)
	at javax.servlet.http.HttpServlet.service(HttpServlet.java:621)
	at javax.servlet.http.HttpServlet.service(HttpServlet.java:722)
	at org.apache.catalina.core.ApplicationFilterChain.internalDoFilter(ApplicationFilterChain.java:305)
	at org.apache.catalina.core.ApplicationFilterChain.doFilter(ApplicationFilterChain.java:210)
	at grails.plugin.cache.web.filter.PageFragmentCachingFilter.doFilter(PageFragmentCachingFilter.java:195)
	at grails.plugin.cache.web.filter.simple.MemoryPageFragmentCachingFilter.doFilter(MemoryPageFragmentCachingFilter.java)
	at grails.plugin.cache.web.filter.AbstractFilter.doFilter(AbstractFilter.java:63)
	at org.springframework.web.filter.DelegatingFilterProxy.invokeDelegate(DelegatingFilterProxy.java:346)
	at org.springframework.web.filter.DelegatingFilterProxy.doFilter(DelegatingFilterProxy.java:259)
	at org.apache.catalina.core.ApplicationFilterChain.internalDoFilter(ApplicationFilterChain.java:243)
	at org.apache.catalina.core.ApplicationFilterChain.doFilter(ApplicationFilterChain.java:210)
	at org.springframework.web.filter.OncePerRequestFilter.doFilter(OncePerRequestFilter.java:70)
	at org.apache.catalina.core.ApplicationFilterChain.internalDoFilter(ApplicationFilterChain.java:243)
	at org.apache.catalina.core.ApplicationFilterChain.doFilter(ApplicationFilterChain.java:210)
	at org.springframework.web.filter.OncePerRequestFilter.doFilter(OncePerRequestFilter.java:70)
	at org.apache.catalina.core.ApplicationFilterChain.internalDoFilter(ApplicationFilterChain.java:243)
	at org.apache.catalina.core.ApplicationFilterChain.doFilter(ApplicationFilterChain.java:210)
	at org.springframework.web.filter.OncePerRequestFilter.doFilter(OncePerRequestFilter.java:70)
	at org.apache.catalina.core.ApplicationFilterChain.internalDoFilter(ApplicationFilterChain.java:243)
	at org.apache.catalina.core.ApplicationFilterChain.doFilter(ApplicationFilterChain.java:210)
	at org.apache.catalina.core.ApplicationDispatcher.invoke(ApplicationDispatcher.java:749)
	at org.apache.catalina.core.ApplicationDispatcher.processRequest(ApplicationDispatcher.java:487)
	at org.apache.catalina.core.ApplicationDispatcher.doForward(ApplicationDispatcher.java:412)
	at org.apache.catalina.core.ApplicationDispatcher.forward(ApplicationDispatcher.java:339)
	at org.codehaus.groovy.grails.web.util.WebUtils.forwardRequestForUrlMappingInfo(WebUtils.java:312)
	at org.codehaus.groovy.grails.web.util.WebUtils.forwardRequestForUrlMappingInfo(WebUtils.java:277)
	at org.codehaus.groovy.grails.web.util.WebUtils.forwardRequestForUrlMappingInfo(WebUtils.java:268)
	at org.codehaus.groovy.grails.web.mapping.filter.UrlMappingsFilter.doFilterInternal(UrlMappingsFilter.java:209)
	at org.springframework.web.filter.OncePerRequestFilter.doFilter(OncePerRequestFilter.java:76)
	at org.apache.catalina.core.ApplicationFilterChain.internalDoFilter(ApplicationFilterChain.java:243)
	at org.apache.catalina.core.ApplicationFilterChain.doFilter(ApplicationFilterChain.java:210)
	at org.codehaus.groovy.grails.web.sitemesh.GrailsPageFilter.obtainContent(GrailsPageFilter.java:200)
	at org.codehaus.groovy.grails.web.sitemesh.GrailsPageFilter.doFilter(GrailsPageFilter.java:151)
	at org.apache.catalina.core.ApplicationFilterChain.internalDoFilter(ApplicationFilterChain.java:243)
	at org.apache.catalina.core.ApplicationFilterChain.doFilter(ApplicationFilterChain.java:210)
	at javax.servlet.FilterChain$doFilter.call(Unknown Source)
	at org.grails.plugin.resource.DevModeSanityFilter.doFilter(DevModeSanityFilter.groovy:44)
	at org.apache.catalina.core.ApplicationFilterChain.internalDoFilter(ApplicationFilterChain.java:243)
	at org.apache.catalina.core.ApplicationFilterChain.doFilter(ApplicationFilterChain.java:210)
	at org.codehaus.groovy.grails.web.servlet.mvc.GrailsWebRequestFilter.doFilterInternal(GrailsWebRequestFilter.java:69)
	at org.springframework.web.filter.OncePerRequestFilter.doFilter(OncePerRequestFilter.java:76)
	at org.apache.catalina.core.ApplicationFilterChain.internalDoFilter(ApplicationFilterChain.java:243)
	at org.apache.catalina.core.ApplicationFilterChain.doFilter(ApplicationFilterChain.java:210)
	at org.codehaus.groovy.grails.web.filters.HiddenHttpMethodFilter.doFilterInternal(HiddenHttpMethodFilter.java:69)
	at org.springframework.web.filter.OncePerRequestFilter.doFilter(OncePerRequestFilter.java:76)
	at org.apache.catalina.core.ApplicationFilterChain.internalDoFilter(ApplicationFilterChain.java:243)
	at org.apache.catalina.core.ApplicationFilterChain.doFilter(ApplicationFilterChain.java:210)
	at org.springframework.web.filter.CharacterEncodingFilter.doFilterInternal(CharacterEncodingFilter.java:88)
	at org.springframework.web.filter.OncePerRequestFilter.doFilter(OncePerRequestFilter.java:76)
	at org.springframework.web.filter.DelegatingFilterProxy.invokeDelegate(DelegatingFilterProxy.java:346)
	at org.springframework.web.filter.DelegatingFilterProxy.doFilter(DelegatingFilterProxy.java:259)
	at org.apache.catalina.core.ApplicationFilterChain.internalDoFilter(ApplicationFilterChain.java:243)
	at org.apache.catalina.core.ApplicationFilterChain.doFilter(ApplicationFilterChain.java:210)
	at org.apache.catalina.core.StandardWrapperValve.invoke(StandardWrapperValve.java:222)
	at org.apache.catalina.core.StandardContextValve.invoke(StandardContextValve.java:123)
	at org.apache.catalina.core.StandardHostValve.invoke(StandardHostValve.java:168)
	at org.apache.catalina.valves.ErrorReportValve.invoke(ErrorReportValve.java:99)
	at org.apache.catalina.core.StandardEngineValve.invoke(StandardEngineValve.java:118)
	at org.apache.catalina.connector.CoyoteAdapter.service(CoyoteAdapter.java:407)
	at org.apache.coyote.http11.AbstractHttp11Processor.process(AbstractHttp11Processor.java:1002)
	at org.apache.coyote.AbstractProtocol$AbstractConnectionHandler.process(AbstractProtocol.java:585)
	at org.apache.tomcat.util.net.JIoEndpoint$SocketProcessor.run(JIoEndpoint.java:312)
	at java.util.concurrent.ThreadPoolExecutor$Worker.runTask(ThreadPoolExecutor.java:886)
	at java.util.concurrent.ThreadPoolExecutor$Worker.run(ThreadPoolExecutor.java:908)
	at java.lang.Thread.run(Thread.java:680)
2013-01-12 16:31:41,001 [http-bio-8080-exec-3] ERROR StackTrace  - Full Stack Trace:
groovy.lang.MissingPropertyException: No such property: listProjects for class: projecttracker.ListProjectsController
	at projecttracker.ListProjectsController$_closure2.doCall(ListProjectsController.groovy:10)
	at grails.plugin.cache.web.filter.PageFragmentCachingFilter.doFilter(PageFragmentCachingFilter.java:195)
	at grails.plugin.cache.web.filter.AbstractFilter.doFilter(AbstractFilter.java:63)
	at java.util.concurrent.ThreadPoolExecutor$Worker.runTask(ThreadPoolExecutor.java:886)
	at java.util.concurrent.ThreadPoolExecutor$Worker.run(ThreadPoolExecutor.java:908)
	at java.lang.Thread.run(Thread.java:680)
2013-01-12 16:31:41,039 [http-bio-8080-exec-3] ERROR StackTrace  - Full Stack Trace:
groovy.lang.MissingPropertyException: No such property: listProjects for class: projecttracker.ListProjectsController
	at projecttracker.ListProjectsController$_closure2.doCall(ListProjectsController.groovy:10)
	at grails.plugin.cache.web.filter.PageFragmentCachingFilter.doFilter(PageFragmentCachingFilter.java:195)
	at grails.plugin.cache.web.filter.AbstractFilter.doFilter(AbstractFilter.java:63)
	at java.util.concurrent.ThreadPoolExecutor$Worker.runTask(ThreadPoolExecutor.java:886)
	at java.util.concurrent.ThreadPoolExecutor$Worker.run(ThreadPoolExecutor.java:908)
	at java.lang.Thread.run(Thread.java:680)
2013-01-12 16:31:41,042 [http-bio-8080-exec-3] ERROR StackTrace  - Full Stack Trace:
groovy.lang.MissingPropertyException: No such property: listProjects for class: projecttracker.ListProjectsController
	at projecttracker.ListProjectsController$_closure2.doCall(ListProjectsController.groovy:10)
	at grails.plugin.cache.web.filter.PageFragmentCachingFilter.doFilter(PageFragmentCachingFilter.java:195)
	at grails.plugin.cache.web.filter.AbstractFilter.doFilter(AbstractFilter.java:63)
	at java.util.concurrent.ThreadPoolExecutor$Worker.runTask(ThreadPoolExecutor.java:886)
	at java.util.concurrent.ThreadPoolExecutor$Worker.run(ThreadPoolExecutor.java:908)
	at java.lang.Thread.run(Thread.java:680)
2013-01-12 16:31:41,050 [http-bio-8080-exec-3] ERROR StackTrace  - Full Stack Trace:
groovy.lang.MissingPropertyException: No such property: listProjects for class: projecttracker.ListProjectsController
	at projecttracker.ListProjectsController$_closure2.doCall(ListProjectsController.groovy:10)
	at grails.plugin.cache.web.filter.PageFragmentCachingFilter.doFilter(PageFragmentCachingFilter.java:195)
	at grails.plugin.cache.web.filter.AbstractFilter.doFilter(AbstractFilter.java:63)
	at java.util.concurrent.ThreadPoolExecutor$Worker.runTask(ThreadPoolExecutor.java:886)
	at java.util.concurrent.ThreadPoolExecutor$Worker.run(ThreadPoolExecutor.java:908)
	at java.lang.Thread.run(Thread.java:680)
2013-01-12 16:31:41,053 [http-bio-8080-exec-3] ERROR StackTrace  - Full Stack Trace:
groovy.lang.MissingPropertyException: No such property: listProjects for class: projecttracker.ListProjectsController
	at projecttracker.ListProjectsController$_closure2.doCall(ListProjectsController.groovy:10)
	at grails.plugin.cache.web.filter.PageFragmentCachingFilter.doFilter(PageFragmentCachingFilter.java:195)
	at grails.plugin.cache.web.filter.AbstractFilter.doFilter(AbstractFilter.java:63)
	at java.util.concurrent.ThreadPoolExecutor$Worker.runTask(ThreadPoolExecutor.java:886)
	at java.util.concurrent.ThreadPoolExecutor$Worker.run(ThreadPoolExecutor.java:908)
	at java.lang.Thread.run(Thread.java:680)
